/Users/hepark/Documents/GitHub/condra-local-download.app/.venv/lib/python3.9/site-packages/urllib3/__init__.py:35: NotOpenSSLWarning: urllib3 v2 only supports OpenSSL 1.1.1+, currently the 'ssl' module is compiled with 'LibreSSL 2.8.3'. See: https://github.com/urllib3/urllib3/issues/3020
  warnings.warn(
/Users/hepark/Documents/GitHub/condra-local-download.app/.venv/lib/python3.9/site-packages/google/auth/__init__.py:54: FutureWarning: You are using a Python version 3.9 past its end of life. Google will update google-auth with critical bug fixes on a best-effort basis, but not with any other fixes or features. Please upgrade your Python version, and then update google-auth.
  warnings.warn(eol_message.format("3.9"), FutureWarning)
/Users/hepark/Documents/GitHub/condra-local-download.app/.venv/lib/python3.9/site-packages/google/oauth2/__init__.py:40: FutureWarning: You are using a Python version 3.9 past its end of life. Google will update google-auth with critical bug fixes on a best-effort basis, but not with any other fixes or features. Please upgrade your Python version, and then update google-auth.
  warnings.warn(eol_message.format("3.9"), FutureWarning)
/Users/hepark/Documents/GitHub/condra-local-download.app/.venv/lib/python3.9/site-packages/google/api_core/_python_version_support.py:242: FutureWarning: You are using a non-supported Python version (3.9.6). Google will not post any further updates to google.api_core supporting this Python version. Please upgrade to the latest Python version, or at least Python 3.10, and then update google.api_core.
  warnings.warn(message, FutureWarning)
[Gmail] Could not read cached accounts: Supabase not configured
Traceback (most recent call last):
  File "/Users/hepark/Documents/GitHub/condra-local-download.app/saveApp.py", line 2134, in <module>
    main()
  File "/Users/hepark/Documents/GitHub/condra-local-download.app/saveApp.py", line 2128, in main
    count = run_save_worker(provider=args.provider, users=args.user, once=args.once, limit=args.limit)
  File "/Users/hepark/Documents/GitHub/condra-local-download.app/saveApp.py", line 2107, in run_save_worker
    raise RuntimeError("No cached mail users found. Sign in with Gmail or Microsoft in app.py first.")
RuntimeError: No cached mail users found. Sign in with Gmail or Microsoft in app.py first.
/Users/hepark/Documents/GitHub/condra-local-download.app/.venv/lib/python3.9/site-packages/urllib3/__init__.py:35: NotOpenSSLWarning: urllib3 v2 only supports OpenSSL 1.1.1+, currently the 'ssl' module is compiled with 'LibreSSL 2.8.3'. See: https://github.com/urllib3/urllib3/issues/3020
  warnings.warn(
/Users/hepark/Documents/GitHub/condra-local-download.app/.venv/lib/python3.9/site-packages/google/auth/__init__.py:54: FutureWarning: You are using a Python version 3.9 past its end of life. Google will update google-auth with critical bug fixes on a best-effort basis, but not with any other fixes or features. Please upgrade your Python version, and then update google-auth.
  warnings.warn(eol_message.format("3.9"), FutureWarning)
/Users/hepark/Documents/GitHub/condra-local-download.app/.venv/lib/python3.9/site-packages/google/oauth2/__init__.py:40: FutureWarning: You are using a Python version 3.9 past its end of life. Google will update google-auth with critical bug fixes on a best-effort basis, but not with any other fixes or features. Please upgrade your Python version, and then update google-auth.
  warnings.warn(eol_message.format("3.9"), FutureWarning)
/Users/hepark/Documents/GitHub/condra-local-download.app/.venv/lib/python3.9/site-packages/google/api_core/_python_version_support.py:242: FutureWarning: You are using a non-supported Python version (3.9.6). Google will not post any further updates to google.api_core supporting this Python version. Please upgrade to the latest Python version, or at least Python 3.10, and then update google.api_core.
  warnings.warn(message, FutureWarning)
[Gmail] Could not read cached accounts: Supabase not configured
Traceback (most recent call last):
  File "/Users/hepark/Documents/GitHub/condra-local-download.app/saveApp.py", line 2134, in <module>
    main()
  File "/Users/hepark/Documents/GitHub/condra-local-download.app/saveApp.py", line 2128, in main
    count = run_save_worker(provider=args.provider, users=args.user, once=args.once, limit=args.limit)
  File "/Users/hepark/Documents/GitHub/condra-local-download.app/saveApp.py", line 2107, in run_save_worker
    raise RuntimeError("No cached mail users found. Sign in with Gmail or Microsoft in app.py first.")
RuntimeError: No cached mail users found. Sign in with Gmail or Microsoft in app.py first.
